\BOOKMARK [-1][-]{part.1}{\376\377\000I\000\040\000A\000b\000o\000u\000t\000\040\000P\000e\000r\000c\000o\000n\000a\000\040\000S\000e\000r\000v\000e\000r\000\040\000f\000o\000r\000\040\000M\000o\000n\000g\000o\000D\000B}{}% 1
\BOOKMARK [0][-]{chapter.1}{\376\377\000P\000e\000r\000c\000o\000n\000a\000\040\000S\000e\000r\000v\000e\000r\000\040\000f\000o\000r\000\040\000M\000o\000n\000g\000o\000D\000B\000\040\000F\000e\000a\000t\000u\000r\000e\000\040\000C\000o\000m\000p\000a\000r\000i\000s\000o\000n}{part.1}% 2
\BOOKMARK [1][-]{section.1.1}{\376\377\000P\000r\000o\000f\000i\000l\000i\000n\000g\000\040\000R\000a\000t\000e\000\040\000L\000i\000m\000i\000t\000i\000n\000g}{chapter.1}% 3
\BOOKMARK [-1][-]{part.2}{\376\377\000I\000I\000\040\000I\000n\000s\000t\000a\000l\000l\000a\000t\000i\000o\000n}{}% 4
\BOOKMARK [0][-]{chapter.2}{\376\377\000I\000n\000s\000t\000a\000l\000l\000i\000n\000g\000\040\000P\000e\000r\000c\000o\000n\000a\000\040\000S\000e\000r\000v\000e\000r\000\040\000f\000o\000r\000\040\000M\000o\000n\000g\000o\000D\000B}{part.2}% 5
\BOOKMARK [1][-]{section.2.1}{\376\377\000A\000l\000t\000e\000r\000n\000a\000t\000i\000v\000e\000\040\000I\000n\000s\000t\000a\000l\000l\000\040\000I\000n\000s\000t\000r\000u\000c\000t\000i\000o\000n\000s}{chapter.2}% 6
\BOOKMARK [1][-]{section.2.2}{\376\377\000U\000p\000g\000r\000a\000d\000e\000\040\000I\000n\000s\000t\000r\000u\000c\000t\000i\000o\000n\000s}{chapter.2}% 7
\BOOKMARK [1][-]{section.2.3}{\376\377\000U\000n\000i\000n\000s\000t\000a\000l\000l\000\040\000I\000n\000s\000t\000r\000u\000c\000t\000i\000o\000n\000s}{chapter.2}% 8
\BOOKMARK [2][-]{subsection.2.3.1}{\376\377\000I\000n\000s\000t\000a\000l\000l\000i\000n\000g\000\040\000P\000e\000r\000c\000o\000n\000a\000\040\000S\000e\000r\000v\000e\000r\000\040\000f\000o\000r\000\040\000M\000o\000n\000g\000o\000D\000B\000\040\000o\000n\000\040\000D\000e\000b\000i\000a\000n\000\040\000a\000n\000d\000\040\000U\000b\000u\000n\000t\000u}{section.2.3}% 9
\BOOKMARK [3][-]{subsubsection*.9}{\376\377\000P\000a\000c\000k\000a\000g\000e\000\040\000C\000o\000n\000t\000e\000n\000t\000s}{subsection.2.3.1}% 10
\BOOKMARK [3][-]{subsubsection*.10}{\376\377\000I\000n\000s\000t\000a\000l\000l\000i\000n\000g\000\040\000f\000r\000o\000m\000\040\000P\000e\000r\000c\000o\000n\000a\000\040\000r\000e\000p\000o\000s\000i\000t\000o\000r\000i\000e\000s}{subsection.2.3.1}% 11
\BOOKMARK [4][-]{paragraph*.11}{\376\377\000C\000o\000n\000f\000i\000g\000u\000r\000e\000\040\000P\000e\000r\000c\000o\000n\000a\000\040\000r\000e\000p\000o\000s\000i\000t\000o\000r\000y}{subsubsection*.10}% 12
\BOOKMARK [4][-]{paragraph*.12}{\376\377\000I\000n\000s\000t\000a\000l\000l\000\040\000t\000h\000e\000\040\000l\000a\000t\000e\000s\000t\000\040\000v\000e\000r\000s\000i\000o\000n}{subsubsection*.10}% 13
\BOOKMARK [4][-]{paragraph*.13}{\376\377\000I\000n\000s\000t\000a\000l\000l\000\040\000a\000\040\000s\000p\000e\000c\000i\000f\000i\000c\000\040\000v\000e\000r\000s\000i\000o\000n}{subsubsection*.10}% 14
\BOOKMARK [3][-]{subsubsection*.14}{\376\377\000R\000u\000n\000n\000i\000n\000g\000\040\000P\000e\000r\000c\000o\000n\000a\000\040\000S\000e\000r\000v\000e\000r\000\040\000f\000o\000r\000\040\000M\000o\000n\000g\000o\000D\000B}{subsection.2.3.1}% 15
\BOOKMARK [2][-]{subsection.2.3.2}{\376\377\000I\000n\000s\000t\000a\000l\000l\000i\000n\000g\000\040\000P\000e\000r\000c\000o\000n\000a\000\040\000S\000e\000r\000v\000e\000r\000\040\000f\000o\000r\000\040\000M\000o\000n\000g\000o\000D\000B\000\040\000o\000n\000\040\000R\000e\000d\000\040\000H\000a\000t\000\040\000E\000n\000t\000e\000r\000p\000r\000i\000s\000e\000\040\000L\000i\000n\000u\000x\000\040\000a\000n\000d\000\040\000C\000e\000n\000t\000O\000S}{section.2.3}% 16
\BOOKMARK [3][-]{subsubsection*.22}{\376\377\000P\000a\000c\000k\000a\000g\000e\000\040\000C\000o\000n\000t\000e\000n\000t\000s}{subsection.2.3.2}% 17
\BOOKMARK [3][-]{subsubsection*.23}{\376\377\000I\000n\000s\000t\000a\000l\000l\000i\000n\000g\000\040\000f\000r\000o\000m\000\040\000P\000e\000r\000c\000o\000n\000a\000\040\000r\000e\000p\000o\000s\000i\000t\000o\000r\000i\000e\000s}{subsection.2.3.2}% 18
\BOOKMARK [4][-]{paragraph*.24}{\376\377\000C\000o\000n\000f\000i\000g\000u\000r\000e\000\040\000P\000e\000r\000c\000o\000n\000a\000\040\000r\000e\000p\000o\000s\000i\000t\000o\000r\000y}{subsubsection*.23}% 19
\BOOKMARK [4][-]{paragraph*.25}{\376\377\000I\000n\000s\000t\000a\000l\000l\000\040\000t\000h\000e\000\040\000l\000a\000t\000e\000s\000t\000\040\000v\000e\000r\000s\000i\000o\000n}{subsubsection*.23}% 20
\BOOKMARK [4][-]{paragraph*.26}{\376\377\000I\000n\000s\000t\000a\000l\000l\000\040\000a\000\040\000s\000p\000e\000c\000i\000f\000i\000c\000\040\000v\000e\000r\000s\000i\000o\000n}{subsubsection*.23}% 21
\BOOKMARK [3][-]{subsubsection*.27}{\376\377\000R\000u\000n\000n\000i\000n\000g\000\040\000P\000e\000r\000c\000o\000n\000a\000\040\000S\000e\000r\000v\000e\000r\000\040\000f\000o\000r\000\040\000M\000o\000n\000g\000o\000D\000B}{subsection.2.3.2}% 22
\BOOKMARK [4][-]{paragraph*.28}{\376\377\000R\000u\000n\000n\000i\000n\000g\000\040\000a\000f\000t\000e\000r\000\040\000r\000e\000b\000o\000o\000t}{subsubsection*.27}% 23
\BOOKMARK [2][-]{subsection.2.3.3}{\376\377\000I\000n\000s\000t\000a\000l\000l\000i\000n\000g\000\040\000P\000e\000r\000c\000o\000n\000a\000\040\000S\000e\000r\000v\000e\000r\000\040\000f\000o\000r\000\040\000M\000o\000n\000g\000o\000D\000B\000\040\000f\000r\000o\000m\000\040\000B\000i\000n\000a\000r\000y\000\040\000T\000a\000r\000b\000a\000l\000l}{section.2.3}% 24
\BOOKMARK [3][-]{subsubsection*.29}{\376\377\000P\000r\000e\000c\000o\000n\000d\000i\000t\000i\000o\000n\000s}{subsection.2.3.3}% 25
\BOOKMARK [3][-]{subsubsection*.30}{\376\377\000P\000r\000o\000c\000e\000d\000u\000r\000e}{subsection.2.3.3}% 26
\BOOKMARK [2][-]{subsection.2.3.4}{\376\377\000R\000u\000n\000n\000i\000n\000g\000\040\000P\000e\000r\000c\000o\000n\000a\000\040\000S\000e\000r\000v\000e\000r\000\040\000f\000o\000r\000\040\000M\000o\000n\000g\000o\000D\000B\000\040\000i\000n\000\040\000a\000\040\000D\000o\000c\000k\000e\000r\000\040\000C\000o\000n\000t\000a\000i\000n\000e\000r}{section.2.3}% 27
\BOOKMARK [3][-]{subsubsection*.31}{\376\377\000C\000o\000n\000n\000e\000c\000t\000i\000n\000g\000\040\000f\000r\000o\000m\000\040\000A\000n\000o\000t\000h\000e\000r\000\040\000D\000o\000c\000k\000e\000r\000\040\000C\000o\000n\000t\000a\000i\000n\000e\000r}{subsection.2.3.4}% 28
\BOOKMARK [3][-]{subsubsection*.32}{\376\377\000C\000o\000n\000n\000e\000c\000t\000i\000n\000g\000\040\000w\000i\000t\000h\000\040\000t\000h\000e\000\040\000M\000o\000n\000g\000o\000\040\000S\000h\000e\000l\000l}{subsection.2.3.4}% 29
\BOOKMARK [-1][-]{part.3}{\376\377\000I\000I\000I\000\040\000F\000e\000a\000t\000u\000r\000e\000s}{}% 30
\BOOKMARK [0][-]{chapter.3}{\376\377\000P\000e\000r\000c\000o\000n\000a\000\040\000M\000e\000m\000o\000r\000y\000\040\000E\000n\000g\000i\000n\000e}{part.3}% 31
\BOOKMARK [1][-]{section.3.1}{\376\377\000U\000s\000i\000n\000g\000\040\000P\000e\000r\000c\000o\000n\000a\000\040\000M\000e\000m\000o\000r\000y\000\040\000E\000n\000g\000i\000n\000e}{chapter.3}% 32
\BOOKMARK [1][-]{section.3.2}{\376\377\000S\000w\000i\000t\000c\000h\000i\000n\000g\000\040\000s\000t\000o\000r\000a\000g\000e\000\040\000e\000n\000g\000i\000n\000e\000s}{chapter.3}% 33
\BOOKMARK [2][-]{subsection.3.2.1}{\376\377\000C\000o\000n\000s\000i\000d\000e\000r\000a\000t\000i\000o\000n\000s}{section.3.2}% 34
\BOOKMARK [2][-]{subsection.3.2.2}{\376\377\000P\000r\000o\000c\000e\000d\000u\000r\000e}{section.3.2}% 35
\BOOKMARK [2][-]{subsection.3.2.3}{\376\377\000S\000w\000i\000t\000c\000h\000i\000n\000g\000\040\000e\000n\000g\000i\000n\000e\000s\000\040\000w\000i\000t\000h\000\040\000e\000n\000c\000r\000y\000p\000t\000e\000d\000\040\000d\000a\000t\000a}{section.3.2}% 36
\BOOKMARK [1][-]{section.3.3}{\376\377\000C\000o\000n\000f\000i\000g\000u\000r\000i\000n\000g\000\040\000P\000e\000r\000c\000o\000n\000a\000\040\000M\000e\000m\000o\000r\000y\000\040\000E\000n\000g\000i\000n\000e}{chapter.3}% 37
\BOOKMARK [0][-]{chapter.4}{\376\377\000H\000o\000t\000\040\000B\000a\000c\000k\000u\000p}{part.3}% 38
\BOOKMARK [1][-]{section.4.1}{\376\377\000M\000a\000k\000i\000n\000g\000\040\000a\000\040\000b\000a\000c\000k\000u\000p}{chapter.4}% 39
\BOOKMARK [1][-]{section.4.2}{\376\377\000S\000a\000v\000i\000n\000g\000\040\000a\000\040\000b\000a\000c\000k\000u\000p\000\040\000t\000o\000\040\000a\000\040\000T\000A\000R\000\040\000a\000r\000c\000h\000i\000v\000e}{chapter.4}% 40
\BOOKMARK [1][-]{section.4.3}{\376\377\000V\000i\000e\000w\000\040\000b\000a\000c\000k\000u\000p\000\040\000s\000t\000a\000t\000u\000s}{chapter.4}% 41
\BOOKMARK [1][-]{section.4.4}{\376\377\000S\000t\000r\000e\000a\000m\000i\000n\000g\000\040\000h\000o\000t\000\040\000b\000a\000c\000k\000u\000p\000s\000\040\000t\000o\000\040\000a\000\040\000r\000e\000m\000o\000t\000e\000\040\000d\000e\000s\000t\000i\000n\000a\000t\000i\000o\000n}{chapter.4}% 42
\BOOKMARK [2][-]{subsection.4.4.1}{\376\377\000C\000r\000e\000d\000e\000n\000t\000i\000a\000l\000s}{section.4.4}% 43
\BOOKMARK [2][-]{subsection.4.4.2}{\376\377\000E\000x\000a\000m\000p\000l\000e\000s}{section.4.4}% 44
\BOOKMARK [1][-]{section.4.5}{\376\377\000R\000e\000s\000t\000o\000r\000i\000n\000g\000\040\000d\000a\000t\000a\000\040\000f\000r\000o\000m\000\040\000b\000a\000c\000k\000u\000p}{chapter.4}% 45
\BOOKMARK [0][-]{chapter.5}{\376\377\000P\000r\000o\000f\000i\000l\000i\000n\000g\000\040\000R\000a\000t\000e\000\040\000L\000i\000m\000i\000t}{part.3}% 46
\BOOKMARK [1][-]{section.5.1}{\376\377\000C\000o\000m\000p\000a\000r\000i\000n\000g\000\040\000t\000o\000\040\000t\000h\000e\000\040\000s\000a\000m\000p\000l\000e\000R\000a\000t\000e\000\040\000o\000p\000t\000i\000o\000n}{chapter.5}% 47
\BOOKMARK [1][-]{section.5.2}{\376\377\000E\000n\000a\000b\000l\000i\000n\000g\000\040\000t\000h\000e\000\040\000R\000a\000t\000e\000\040\000L\000i\000m\000i\000t}{chapter.5}% 48
\BOOKMARK [1][-]{section.5.3}{\376\377\000P\000r\000o\000f\000i\000l\000e\000r\000\040\000C\000o\000l\000l\000e\000c\000t\000i\000o\000n\000\040\000E\000x\000t\000e\000n\000s\000i\000o\000n}{chapter.5}% 49
\BOOKMARK [0][-]{chapter.6}{\376\377\000A\000u\000t\000h\000e\000n\000t\000i\000c\000a\000t\000i\000o\000n}{part.3}% 50
\BOOKMARK [1][-]{section.6.1}{\376\377\000S\000C\000R\000A\000M}{chapter.6}% 51
\BOOKMARK [1][-]{section.6.2}{\376\377\000x\000.\0005\0000\0009\000\040\000c\000e\000r\000t\000i\000f\000i\000c\000a\000t\000e\000\040\000a\000u\000t\000h\000e\000n\000t\000i\000c\000a\000t\000i\000o\000n}{chapter.6}% 52
\BOOKMARK [1][-]{section.6.3}{\376\377\000L\000D\000A\000P\000\040\000a\000u\000t\000h\000e\000n\000t\000i\000c\000a\000t\000i\000o\000n\000\040\000w\000i\000t\000h\000\040\000S\000A\000S\000L}{chapter.6}% 53
\BOOKMARK [1][-]{section.6.4}{\376\377\000O\000v\000e\000r\000v\000i\000e\000w}{chapter.6}% 54
\BOOKMARK [1][-]{section.6.5}{\376\377\000K\000e\000r\000b\000e\000r\000o\000s\000\040\000A\000u\000t\000h\000e\000n\000t\000i\000c\000a\000t\000i\000o\000n}{chapter.6}% 55
\BOOKMARK [0][-]{chapter.7}{\376\377\000L\000D\000A\000P\000\040\000a\000u\000t\000h\000o\000r\000i\000z\000a\000t\000i\000o\000n}{part.3}% 56
\BOOKMARK [1][-]{section.7.1}{\376\377\000S\000u\000p\000p\000o\000r\000t\000e\000d\000\040\000a\000u\000t\000h\000e\000n\000t\000i\000c\000a\000t\000i\000o\000n\000\040\000m\000e\000c\000h\000a\000n\000i\000s\000m\000s}{chapter.7}% 57
\BOOKMARK [1][-]{section.7.2}{\376\377\000A\000u\000t\000h\000e\000n\000t\000i\000c\000a\000t\000i\000o\000n\000\040\000a\000n\000d\000\040\000a\000u\000t\000h\000o\000r\000i\000z\000a\000t\000i\000o\000n\000\040\000w\000i\000t\000h\000\040\000d\000i\000r\000e\000c\000t\000\040\000b\000i\000n\000d\000i\000n\000g\000\040\000t\000o\000\040\000L\000D\000A\000P}{chapter.7}% 58
\BOOKMARK [2][-]{subsection.7.2.1}{\376\377\000U\000s\000e\000r\000n\000a\000m\000e\000\040\000t\000r\000a\000n\000s\000f\000o\000r\000m\000a\000t\000i\000o\000n}{section.7.2}% 59
\BOOKMARK [1][-]{section.7.3}{\376\377\000C\000o\000n\000f\000i\000g\000u\000r\000a\000t\000i\000o\000n}{chapter.7}% 60
\BOOKMARK [0][-]{chapter.8}{\376\377\000A\000u\000d\000i\000t\000i\000n\000g}{part.3}% 61
\BOOKMARK [1][-]{section.8.1}{\376\377\000A\000u\000d\000i\000t\000\040\000O\000p\000t\000i\000o\000n\000s}{chapter.8}% 62
\BOOKMARK [1][-]{section.8.2}{\376\377\000A\000u\000d\000i\000t\000\040\000M\000e\000s\000s\000a\000g\000e\000\040\000S\000y\000n\000t\000a\000x}{chapter.8}% 63
\BOOKMARK [1][-]{section.8.3}{\376\377\000A\000u\000d\000i\000t\000\040\000F\000i\000l\000t\000e\000r\000\040\000E\000x\000a\000m\000p\000l\000e\000s}{chapter.8}% 64
\BOOKMARK [2][-]{subsection.8.3.1}{\376\377\000S\000t\000a\000n\000d\000a\000r\000d\000\040\000Q\000u\000e\000r\000y\000\040\000S\000e\000l\000e\000c\000t\000o\000r\000s}{section.8.3}% 65
\BOOKMARK [2][-]{subsection.8.3.2}{\376\377\000R\000e\000g\000u\000l\000a\000r\000\040\000E\000x\000p\000r\000e\000s\000s\000i\000o\000n\000s}{section.8.3}% 66
\BOOKMARK [2][-]{subsection.8.3.3}{\376\377\000R\000e\000a\000d\000\040\000a\000n\000d\000\040\000W\000r\000i\000t\000e\000\040\000O\000p\000e\000r\000a\000t\000i\000o\000n\000s}{section.8.3}% 67
\BOOKMARK [1][-]{section.8.4}{\376\377\000E\000n\000a\000b\000l\000i\000n\000g\000\040\000A\000u\000d\000i\000t\000i\000n\000g\000\040\000o\000f\000\040\000A\000u\000t\000h\000o\000r\000i\000z\000a\000t\000i\000o\000n\000\040\000S\000u\000c\000c\000e\000s\000s}{chapter.8}% 68
\BOOKMARK [0][-]{chapter.9}{\376\377\000L\000o\000g\000\040\000R\000e\000d\000a\000c\000t\000i\000o\000n}{part.3}% 69
\BOOKMARK [0][-]{chapter.10}{\376\377\000D\000a\000t\000a\000\040\000a\000t\000\040\000R\000e\000s\000t\000\040\000E\000n\000c\000r\000y\000p\000t\000i\000o\000n}{part.3}% 70
\BOOKMARK [1][-]{section.10.1}{\376\377\000H\000a\000s\000h\000i\000C\000o\000r\000p\000\040\000V\000a\000u\000l\000t\000\040\000I\000n\000t\000e\000g\000r\000a\000t\000i\000o\000n}{chapter.10}% 71
\BOOKMARK [2][-]{subsection.10.1.1}{\376\377\000N\000a\000m\000e\000s\000p\000a\000c\000e\000s}{section.10.1}% 72
\BOOKMARK [2][-]{subsection.10.1.2}{\376\377\000K\000e\000y\000\040\000R\000o\000t\000a\000t\000i\000o\000n}{section.10.1}% 73
\BOOKMARK [3][-]{subsubsection*.53}{\376\377\000K\000e\000y\000\040\000r\000o\000t\000a\000t\000i\000o\000n\000\040\000i\000n\000\040\000r\000e\000p\000l\000i\000c\000a\000\040\000s\000e\000t\000s}{subsection.10.1.2}% 74
\BOOKMARK [1][-]{section.10.2}{\376\377\000L\000o\000c\000a\000l\000\040\000k\000e\000y\000\040\000m\000a\000n\000a\000g\000e\000m\000e\000n\000t\000\040\000u\000s\000i\000n\000g\000\040\000a\000\040\000k\000e\000y\000f\000i\000l\000e}{chapter.10}% 75
\BOOKMARK [1][-]{section.10.3}{\376\377\000M\000i\000g\000r\000a\000t\000i\000n\000g\000\040\000f\000r\000o\000m\000\040\000K\000e\000y\000\040\000F\000i\000l\000e\000\040\000E\000n\000c\000r\000y\000p\000t\000i\000o\000n\000\040\000t\000o\000\040\000H\000a\000s\000h\000i\000C\000o\000r\000p\000\040\000V\000a\000u\000l\000t\000\040\000E\000n\000c\000r\000y\000p\000t\000i\000o\000n}{chapter.10}% 76
\BOOKMARK [1][-]{section.10.4}{\376\377\000U\000s\000i\000n\000g\000\040\000t\000h\000e\000\040\000K\000e\000y\000\040\000M\000a\000n\000a\000g\000e\000m\000e\000n\000t\000\040\000I\000n\000t\000e\000r\000o\000p\000e\000r\000a\000b\000i\000l\000i\000t\000y\000\040\000P\000r\000o\000t\000o\000c\000o\000l\000\040\000\050\000K\000M\000I\000P\000\051}{chapter.10}% 77
\BOOKMARK [1][-]{section.10.5}{\376\377\000K\000e\000y\000\040\000r\000o\000t\000a\000t\000i\000o\000n}{chapter.10}% 78
\BOOKMARK [1][-]{section.10.6}{\376\377\000C\000o\000n\000f\000i\000g\000u\000r\000a\000t\000i\000o\000n}{chapter.10}% 79
\BOOKMARK [1][-]{section.10.7}{\376\377\000E\000n\000c\000r\000y\000p\000t\000i\000n\000g\000\040\000R\000o\000l\000l\000b\000a\000c\000k\000\040\000F\000i\000l\000e\000s}{chapter.10}% 80
\BOOKMARK [0][-]{chapter.11}{\376\377\000A\000d\000d\000i\000t\000i\000o\000n\000a\000l\000\040\000t\000e\000x\000t\000\040\000s\000e\000a\000r\000c\000h\000\040\000a\000l\000g\000o\000r\000i\000t\000h\000m\000\040\000-\000\040\000n\000g\000r\000a\000m}{part.3}% 81
\BOOKMARK [1][-]{section.11.1}{\376\377\000U\000s\000a\000g\000e}{chapter.11}% 82
\BOOKMARK [0][-]{chapter.12}{\376\377\000\044\000b\000a\000c\000k\000u\000p\000C\000u\000r\000s\000o\000r\000\040\000a\000n\000d\000\040\000\044\000b\000a\000c\000k\000u\000p\000C\000u\000r\000s\000o\000r\000E\000x\000t\000e\000n\000d\000\040\000a\000g\000g\000r\000e\000g\000a\000t\000i\000o\000n\000\040\000s\000t\000a\000g\000e\000s}{part.3}% 83
\BOOKMARK [1][-]{section.12.1}{\376\377\000U\000s\000a\000g\000e}{chapter.12}% 84
\BOOKMARK [2][-]{subsection.12.1.1}{\376\377\000G\000e\000t\000\040\000a\000\040\000l\000i\000s\000t\000\040\000o\000f\000\040\000a\000l\000l\000\040\000f\000i\000l\000e\000s\000\040\000t\000o\000\040\000c\000o\000p\000y\000\040\000w\000i\000t\000h\000\040\000\044\000b\000a\000c\000k\000u\000p\000C\000u\000r\000s\000o\000r}{section.12.1}% 85
\BOOKMARK [2][-]{subsection.12.1.2}{\376\377\000R\000u\000n\000\040\000\044\000b\000a\000c\000k\000u\000p\000C\000u\000r\000s\000o\000r\000E\000x\000t\000e\000n\000d\000\040\000t\000o\000\040\000r\000e\000t\000r\000i\000e\000v\000e\000\040\000t\000h\000e\000\040\000W\000i\000r\000e\000d\000T\000i\000g\000e\000r\000\040\000t\000r\000a\000n\000s\000a\000c\000t\000i\000o\000n\000\040\000l\000o\000g\000s}{section.12.1}% 86
\BOOKMARK [2][-]{subsection.12.1.3}{\376\377\000L\000o\000o\000p\000\040\000t\000h\000e\000\040\000\044\000b\000a\000c\000k\000u\000p\000C\000u\000r\000s\000o\000r}{section.12.1}% 87
\BOOKMARK [2][-]{subsection.12.1.4}{\376\377\000C\000o\000p\000y\000\040\000t\000h\000e\000\040\000f\000i\000l\000e\000s\000\040\000t\000o\000\040\000t\000h\000e\000\040\000s\000t\000o\000r\000a\000g\000e}{section.12.1}% 88
\BOOKMARK [-1][-]{part.4}{\376\377\000I\000V\000\040\000H\000o\000w\000\040\000t\000o}{}% 89
\BOOKMARK [0][-]{chapter.13}{\376\377\000E\000n\000a\000b\000l\000i\000n\000g\000\040\000A\000u\000t\000h\000e\000n\000t\000i\000c\000a\000t\000i\000o\000n}{part.4}% 90
\BOOKMARK [1][-]{section.13.1}{\376\377\000A\000u\000t\000o\000m\000a\000t\000i\000c\000\040\000s\000e\000t\000u\000p}{chapter.13}% 91
\BOOKMARK [1][-]{section.13.2}{\376\377\000M\000a\000n\000u\000a\000l\000\040\000s\000e\000t\000u\000p}{chapter.13}% 92
\BOOKMARK [0][-]{chapter.14}{\376\377\000S\000e\000t\000t\000i\000n\000g\000\040\000u\000p\000\040\000L\000D\000A\000P\000\040\000a\000u\000t\000h\000e\000n\000t\000i\000c\000a\000t\000i\000o\000n\000\040\000w\000i\000t\000h\000\040\000S\000A\000S\000L}{part.4}% 93
\BOOKMARK [1][-]{section.14.1}{\376\377\000E\000n\000v\000i\000r\000o\000n\000m\000e\000n\000t\000\040\000s\000e\000t\000u\000p\000\040\000a\000n\000d\000\040\000c\000o\000n\000f\000i\000g\000u\000r\000a\000t\000i\000o\000n}{chapter.14}% 94
\BOOKMARK [2][-]{subsection.14.1.1}{\376\377\000C\000o\000n\000f\000i\000g\000u\000r\000i\000n\000g\000\040\000s\000a\000s\000l\000a\000u\000t\000h\000d}{section.14.1}% 95
\BOOKMARK [3][-]{subsubsection*.63}{\376\377\000O\000p\000e\000n\000L\000D\000A\000P\000\040\000s\000e\000r\000v\000e\000r}{subsection.14.1.1}% 96
\BOOKMARK [3][-]{subsubsection*.64}{\376\377\000M\000i\000c\000r\000o\000s\000o\000f\000t\000\040\000W\000i\000n\000d\000o\000w\000s\000\040\000A\000c\000t\000i\000v\000e\000\040\000D\000i\000r\000e\000c\000t\000o\000r\000y}{subsection.14.1.1}% 97
\BOOKMARK [2][-]{subsection.14.1.2}{\376\377\000S\000a\000n\000i\000t\000y\000\040\000c\000h\000e\000c\000k}{section.14.1}% 98
\BOOKMARK [2][-]{subsection.14.1.3}{\376\377\000C\000o\000n\000f\000i\000g\000u\000r\000i\000n\000g\000\040\000l\000i\000b\000s\000a\000s\000l\0002}{section.14.1}% 99
\BOOKMARK [2][-]{subsection.14.1.4}{\376\377\000C\000o\000n\000f\000i\000g\000u\000r\000i\000n\000g\000\040\000m\000o\000n\000g\000o\000d\000\040\000S\000e\000r\000v\000e\000r}{section.14.1}% 100
\BOOKMARK [3][-]{subsubsection*.65}{\376\377\000C\000r\000e\000a\000t\000e\000\040\000a\000\040\000r\000o\000o\000t\000\040\000u\000s\000e\000r}{subsection.14.1.4}% 101
\BOOKMARK [3][-]{subsubsection*.66}{\376\377\000E\000n\000a\000b\000l\000e\000\040\000e\000x\000t\000e\000r\000n\000a\000l\000\040\000a\000u\000t\000h\000e\000n\000t\000i\000c\000a\000t\000i\000o\000n}{subsection.14.1.4}% 102
\BOOKMARK [3][-]{subsubsection*.67}{\376\377\000A\000d\000d\000\040\000a\000n\000\040\000e\000x\000t\000e\000r\000n\000a\000l\000\040\000u\000s\000e\000r\000\040\000t\000o\000\040\000P\000e\000r\000c\000o\000n\000a\000\040\000S\000e\000r\000v\000e\000r\000\040\000f\000o\000r\000\040\000M\000o\000n\000g\000o\000D\000B}{subsection.14.1.4}% 103
\BOOKMARK [1][-]{section.14.2}{\376\377\000A\000u\000t\000h\000e\000n\000t\000i\000c\000a\000t\000e\000\040\000a\000s\000\040\000a\000n\000\040\000e\000x\000t\000e\000r\000n\000a\000l\000\040\000u\000s\000e\000r\000\040\000i\000n\000\040\000P\000e\000r\000c\000o\000n\000a\000\040\000S\000e\000r\000v\000e\000r\000\040\000f\000o\000r\000\040\000M\000o\000n\000g\000o\000D\000B}{chapter.14}% 104
\BOOKMARK [0][-]{chapter.15}{\376\377\000S\000e\000t\000t\000i\000n\000g\000\040\000u\000p\000\040\000L\000D\000A\000P\000\040\000a\000u\000t\000h\000e\000n\000t\000i\000c\000a\000t\000i\000o\000n\000\040\000a\000n\000d\000\040\000a\000u\000t\000h\000o\000r\000i\000z\000a\000t\000i\000o\000n\000\040\000u\000s\000i\000n\000g\000\040\000N\000a\000t\000i\000v\000e\000L\000D\000A\000P}{part.4}% 105
\BOOKMARK [1][-]{section.15.1}{\376\377\000A\000s\000s\000u\000m\000p\000t\000i\000o\000n\000s}{chapter.15}% 106
\BOOKMARK [1][-]{section.15.2}{\376\377\000P\000r\000e\000r\000e\000q\000u\000i\000s\000i\000t\000e\000s}{chapter.15}% 107
\BOOKMARK [1][-]{section.15.3}{\376\377\000S\000e\000t\000u\000p\000\040\000p\000r\000o\000c\000e\000d\000u\000r\000e}{chapter.15}% 108
\BOOKMARK [2][-]{subsection.15.3.1}{\376\377\000C\000o\000n\000f\000i\000g\000u\000r\000e\000\040\000T\000L\000S\000/\000S\000S\000L\000\040\000c\000o\000n\000n\000e\000c\000t\000i\000o\000n\000\040\000f\000o\000r\000\040\000P\000e\000r\000c\000o\000n\000a\000\040\000S\000e\000r\000v\000e\000r\000\040\000f\000o\000r\000\040\000M\000o\000n\000g\000o\000D\000B}{section.15.3}% 109
\BOOKMARK [2][-]{subsection.15.3.2}{\376\377\000C\000r\000e\000a\000t\000e\000\040\000r\000o\000l\000e\000s\000\040\000f\000o\000r\000\040\000L\000D\000A\000P\000\040\000g\000r\000o\000u\000p\000s\000\040\000i\000n\000\040\000P\000e\000r\000c\000o\000n\000a\000\040\000S\000e\000r\000v\000e\000r\000\040\000f\000o\000r\000\040\000M\000o\000n\000g\000o\000D\000B}{section.15.3}% 110
\BOOKMARK [2][-]{subsection.15.3.3}{\376\377\000P\000e\000r\000c\000o\000n\000a\000\040\000S\000e\000r\000v\000e\000r\000\040\000f\000o\000r\000\040\000M\000o\000n\000g\000o\000D\000B\000\040\000c\000o\000n\000f\000i\000g\000u\000r\000a\000t\000i\000o\000n}{section.15.3}% 111
\BOOKMARK [3][-]{subsubsection*.68}{\376\377\000A\000c\000c\000e\000s\000s\000\040\000w\000i\000t\000h\000o\000u\000t\000\040\000u\000s\000e\000r\000n\000a\000m\000e\000\040\000t\000r\000a\000n\000s\000f\000o\000r\000m\000a\000t\000i\000o\000n}{subsection.15.3.3}% 112
\BOOKMARK [3][-]{subsubsection*.69}{\376\377\000A\000c\000c\000e\000s\000s\000\040\000w\000i\000t\000h\000\040\000u\000s\000e\000r\000n\000a\000m\000e\000\040\000t\000r\000a\000n\000s\000f\000o\000r\000m\000a\000t\000i\000o\000n}{subsection.15.3.3}% 113
\BOOKMARK [2][-]{subsection.15.3.4}{\376\377\000A\000c\000t\000i\000v\000e\000\040\000D\000i\000r\000e\000c\000t\000o\000r\000y\000\040\000c\000o\000n\000f\000i\000g\000u\000r\000a\000t\000i\000o\000n}{section.15.3}% 114
\BOOKMARK [0][-]{chapter.16}{\376\377\000S\000e\000t\000\040\000u\000p\000\040\000x\000.\0005\0000\0009\000\040\000a\000u\000t\000h\000e\000n\000t\000i\000c\000a\000t\000i\000o\000n\000\040\000a\000n\000d\000\040\000L\000D\000A\000P\000\040\000a\000u\000t\000h\000o\000r\000i\000z\000a\000t\000i\000o\000n}{part.4}% 115
\BOOKMARK [1][-]{section.16.1}{\376\377\000C\000o\000n\000s\000i\000d\000e\000r\000a\000t\000i\000o\000n\000s}{chapter.16}% 116
\BOOKMARK [1][-]{section.16.2}{\376\377\000S\000e\000t\000u\000p\000\040\000p\000r\000o\000c\000e\000d\000u\000r\000e}{chapter.16}% 117
\BOOKMARK [2][-]{subsection.16.2.1}{\376\377\000I\000s\000s\000u\000e\000\040\000c\000e\000r\000t\000i\000f\000i\000c\000a\000t\000e\000s}{section.16.2}% 118
\BOOKMARK [3][-]{subsubsection*.70}{\376\377\000G\000e\000n\000e\000r\000a\000t\000e\000\040\000t\000h\000e\000\040\000r\000o\000o\000t\000\040\000C\000e\000r\000t\000i\000f\000i\000c\000a\000t\000e\000\040\000A\000u\000t\000h\000o\000r\000i\000t\000y\000\040\000c\000e\000r\000t\000i\000f\000i\000c\000a\000t\000e}{subsection.16.2.1}% 119
\BOOKMARK [3][-]{subsubsection*.71}{\376\377\000G\000e\000n\000e\000r\000a\000t\000e\000\040\000s\000e\000r\000v\000e\000r\000\040\000c\000e\000r\000t\000i\000f\000i\000c\000a\000t\000e}{subsection.16.2.1}% 120
\BOOKMARK [3][-]{subsubsection*.72}{\376\377\000G\000e\000n\000e\000r\000a\000t\000e\000\040\000c\000l\000i\000e\000n\000t\000\040\000c\000e\000r\000t\000i\000f\000i\000c\000a\000t\000e\000s}{subsection.16.2.1}% 121
\BOOKMARK [2][-]{subsection.16.2.2}{\376\377\000S\000e\000t\000\040\000u\000p\000\040\000t\000h\000e\000\040\000L\000D\000A\000P\000\040\000s\000e\000r\000v\000e\000r}{section.16.2}% 122
\BOOKMARK [2][-]{subsection.16.2.3}{\376\377\000C\000o\000n\000f\000i\000g\000u\000r\000e\000\040\000m\000o\000n\000g\000o\000d\000\040\000s\000e\000r\000v\000e\000r}{section.16.2}% 123
\BOOKMARK [3][-]{subsubsection*.73}{\376\377\000C\000r\000e\000a\000t\000e\000\040\000r\000o\000l\000e\000s}{subsection.16.2.3}% 124
\BOOKMARK [3][-]{subsubsection*.74}{\376\377\000E\000n\000a\000b\000l\000e\000\040\000x\000.\0005\0000\0009\000\040\000a\000u\000t\000h\000e\000n\000t\000i\000c\000a\000t\000i\000o\000n}{subsection.16.2.3}% 125
\BOOKMARK [2][-]{subsection.16.2.4}{\376\377\000A\000u\000t\000h\000e\000n\000t\000i\000c\000a\000t\000e\000\040\000w\000i\000t\000h\000\040\000t\000h\000e\000\040\000x\000.\0005\0000\0009\000\040\000c\000e\000r\000t\000i\000f\000i\000c\000a\000t\000e}{section.16.2}% 126
\BOOKMARK [0][-]{chapter.17}{\376\377\000S\000e\000t\000t\000i\000n\000g\000\040\000u\000p\000\040\000K\000e\000r\000b\000e\000r\000o\000s\000\040\000a\000u\000t\000h\000e\000n\000t\000i\000c\000a\000t\000i\000o\000n}{part.4}% 127
\BOOKMARK [1][-]{section.17.1}{\376\377\000A\000s\000s\000u\000m\000p\000t\000i\000o\000n\000s}{chapter.17}% 128
\BOOKMARK [1][-]{section.17.2}{\376\377\000A\000d\000d\000\040\000u\000s\000e\000r\000\040\000p\000r\000i\000n\000c\000i\000p\000a\000l\000s\000\040\000t\000o\000\040\000P\000e\000r\000c\000o\000n\000a\000\040\000S\000e\000r\000v\000e\000r\000\040\000f\000o\000r\000\040\000M\000o\000n\000g\000o\000D\000B}{chapter.17}% 129
\BOOKMARK [1][-]{section.17.3}{\376\377\000C\000o\000n\000f\000i\000g\000u\000r\000e\000\040\000K\000e\000r\000b\000e\000r\000o\000s\000\040\000k\000e\000y\000t\000a\000b\000\040\000f\000i\000l\000e\000s}{chapter.17}% 130
\BOOKMARK [1][-]{section.17.4}{\376\377\000P\000e\000r\000c\000o\000n\000a\000\040\000S\000e\000r\000v\000e\000r\000\040\000f\000o\000r\000\040\000M\000o\000n\000g\000o\000D\000B\000\040\000c\000o\000n\000f\000i\000g\000u\000r\000a\000t\000i\000o\000n}{chapter.17}% 131
\BOOKMARK [1][-]{section.17.5}{\376\377\000T\000e\000s\000t\000\040\000t\000h\000e\000\040\000a\000c\000c\000e\000s\000s\000\040\000t\000o\000\040\000P\000e\000r\000c\000o\000n\000a\000\040\000S\000e\000r\000v\000e\000r\000\040\000f\000o\000r\000\040\000M\000o\000n\000g\000o\000D\000B}{chapter.17}% 132
\BOOKMARK [0][-]{chapter.18}{\376\377\000P\000e\000r\000c\000o\000n\000a\000\040\000S\000e\000r\000v\000e\000r\000\040\000f\000o\000r\000\040\000M\000o\000n\000g\000o\000D\000B\000\040\000P\000a\000r\000a\000m\000e\000t\000e\000r\000\040\000T\000u\000n\000i\000n\000g\000\040\000G\000u\000i\000d\000e}{part.4}% 133
\BOOKMARK [1][-]{section.18.1}{\376\377\000P\000a\000r\000a\000m\000e\000t\000e\000r\000s}{chapter.18}% 134
\BOOKMARK [2][-]{subsection.18.1.1}{\376\377\000c\000u\000r\000s\000o\000r\000T\000i\000m\000e\000o\000u\000t\000M\000i\000l\000l\000i\000s}{section.18.1}% 135
\BOOKMARK [2][-]{subsection.18.1.2}{\376\377\000f\000a\000i\000l\000I\000n\000d\000e\000x\000K\000e\000y\000T\000o\000o\000L\000o\000n\000g}{section.18.1}% 136
\BOOKMARK [2][-]{subsection.18.1.3}{\376\377\000i\000n\000t\000e\000r\000n\000a\000l\000Q\000u\000e\000r\000y\000P\000l\000a\000n\000n\000e\000r\000E\000n\000a\000b\000l\000e\000I\000n\000d\000e\000x\000I\000n\000t\000e\000r\000s\000e\000c\000t\000i\000o\000n}{section.18.1}% 137
\BOOKMARK [2][-]{subsection.18.1.4}{\376\377\000t\000t\000l\000M\000o\000n\000i\000t\000o\000r\000E\000n\000a\000b\000l\000e\000d}{section.18.1}% 138
\BOOKMARK [2][-]{subsection.18.1.5}{\376\377\000t\000t\000l\000M\000o\000n\000i\000t\000o\000r\000S\000l\000e\000e\000p\000S\000e\000c\000s}{section.18.1}% 139
\BOOKMARK [0][-]{chapter.19}{\376\377\000U\000p\000g\000r\000a\000d\000i\000n\000g\000\040\000P\000e\000r\000c\000o\000n\000a\000\040\000S\000e\000r\000v\000e\000r\000\040\000f\000o\000r\000\040\000M\000o\000n\000g\000o\000D\000B}{part.4}% 140
\BOOKMARK [1][-]{section.19.1}{\376\377\000U\000p\000g\000r\000a\000d\000i\000n\000g\000\040\000f\000r\000o\000m\000\040\000M\000o\000n\000g\000o\000D\000B\000\040\0004\000.\0004\000\040\000C\000o\000m\000m\000u\000n\000i\000t\000y\000\040\000E\000d\000i\000t\000i\000o\000n}{chapter.19}% 141
\BOOKMARK [2][-]{subsection.19.1.1}{\376\377\000P\000r\000e\000r\000e\000q\000u\000i\000s\000i\000t\000e\000s}{section.19.1}% 142
\BOOKMARK [1][-]{section.19.2}{\376\377\000M\000i\000n\000o\000r\000\040\000u\000p\000g\000r\000a\000d\000e\000\040\000o\000f\000\040\000P\000e\000r\000c\000o\000n\000a\000\040\000S\000e\000r\000v\000e\000r\000\040\000f\000o\000r\000\040\000M\000o\000n\000g\000o\000D\000B}{chapter.19}% 143
\BOOKMARK [1][-]{section.19.3}{\376\377\000U\000p\000g\000r\000a\000d\000i\000n\000g\000\040\000t\000o\000\040\000P\000e\000r\000c\000o\000n\000a\000\040\000S\000e\000r\000v\000e\000r\000\040\000f\000o\000r\000\040\000M\000o\000n\000g\000o\000D\000B\000\040\000w\000i\000t\000h\000\040\000d\000a\000t\000a\000\040\000a\000t\000\040\000r\000e\000s\000t\000\040\000e\000n\000c\000r\000y\000p\000t\000i\000o\000n\000\040\000e\000n\000a\000b\000l\000e\000d}{chapter.19}% 144
\BOOKMARK [0][-]{chapter.20}{\376\377\000U\000p\000g\000r\000a\000d\000i\000n\000g\000\040\000f\000r\000o\000m\000\040\000P\000e\000r\000c\000o\000n\000a\000\040\000S\000e\000r\000v\000e\000r\000\040\000f\000o\000r\000\040\000M\000o\000n\000g\000o\000D\000B\000\040\0004\000.\0002\000\040\000t\000o\000\040\0004\000.\0004}{part.4}% 145
\BOOKMARK [0][-]{chapter.21}{\376\377\000U\000n\000i\000n\000s\000t\000a\000l\000l\000i\000n\000g\000\040\000P\000e\000r\000c\000o\000n\000a\000\040\000S\000e\000r\000v\000e\000r\000\040\000f\000o\000r\000\040\000M\000o\000n\000g\000o\000D\000B}{part.4}% 146
\BOOKMARK [-1][-]{part.5}{\376\377\000V\000\040\000R\000e\000l\000e\000a\000s\000e\000\040\000N\000o\000t\000e\000s}{}% 147
\BOOKMARK [0][-]{chapter.22}{\376\377\000P\000e\000r\000c\000o\000n\000a\000\040\000S\000e\000r\000v\000e\000r\000\040\000f\000o\000r\000\040\000M\000o\000n\000g\000o\000D\000B\000\040\0004\000.\0004\000\040\000R\000e\000l\000e\000a\000s\000e\000\040\000N\000o\000t\000e\000s}{part.5}% 148
\BOOKMARK [1][-]{section.22.1}{\376\377\000P\000e\000r\000c\000o\000n\000a\000\040\000S\000e\000r\000v\000e\000r\000\040\000f\000o\000r\000\040\000M\000o\000n\000g\000o\000D\000B\000\040\0004\000.\0004\000.\0001\0007\000-\0001\0007\000\040\000\050\0002\0000\0002\0002\000-\0001\0001\000-\0001\0000\000\051}{chapter.22}% 149
\BOOKMARK [2][-]{subsection.22.1.1}{\376\377\000R\000e\000l\000e\000a\000s\000e\000\040\000H\000i\000g\000h\000l\000i\000g\000h\000t\000s}{section.22.1}% 150
\BOOKMARK [2][-]{subsection.22.1.2}{\376\377\000N\000e\000w\000\040\000F\000e\000a\000t\000u\000r\000e\000s}{section.22.1}% 151
\BOOKMARK [2][-]{subsection.22.1.3}{\376\377\000I\000m\000p\000r\000o\000v\000e\000m\000e\000n\000t\000s}{section.22.1}% 152
\BOOKMARK [2][-]{subsection.22.1.4}{\376\377\000B\000u\000g\000s\000\040\000F\000i\000x\000e\000d}{section.22.1}% 153
\BOOKMARK [1][-]{section.22.2}{\376\377\000P\000e\000r\000c\000o\000n\000a\000\040\000S\000e\000r\000v\000e\000r\000\040\000f\000o\000r\000\040\000M\000o\000n\000g\000o\000D\000B\000\040\0004\000.\0004\000.\0001\0006\000-\0001\0006\000\040\000\050\0002\0000\0002\0002\000-\0000\0008\000-\0003\0000\000\051}{chapter.22}% 154
\BOOKMARK [2][-]{subsection.22.2.1}{\376\377\000R\000e\000l\000e\000a\000s\000e\000\040\000H\000i\000g\000h\000l\000i\000g\000h\000t\000s}{section.22.2}% 155
\BOOKMARK [2][-]{subsection.22.2.2}{\376\377\000I\000m\000p\000r\000o\000v\000e\000m\000e\000n\000t\000s}{section.22.2}% 156
\BOOKMARK [2][-]{subsection.22.2.3}{\376\377\000B\000u\000g\000s\000\040\000F\000i\000x\000e\000d}{section.22.2}% 157
\BOOKMARK [2][-]{subsection.22.2.4}{\376\377\000P\000a\000c\000k\000a\000g\000i\000n\000g\000\040\000N\000o\000t\000e\000s}{section.22.2}% 158
\BOOKMARK [1][-]{section.22.3}{\376\377\000P\000e\000r\000c\000o\000n\000a\000\040\000S\000e\000r\000v\000e\000r\000\040\000f\000o\000r\000\040\000M\000o\000n\000g\000o\000D\000B\000\040\0004\000.\0004\000.\0001\0005\000-\0001\0005\000\040\000\050\0002\0000\0002\0002\000-\0000\0007\000-\0001\0009\000\051}{chapter.22}% 159
\BOOKMARK [2][-]{subsection.22.3.1}{\376\377\000R\000e\000l\000e\000a\000s\000e\000\040\000H\000i\000g\000h\000l\000i\000g\000h\000t\000s}{section.22.3}% 160
\BOOKMARK [2][-]{subsection.22.3.2}{\376\377\000S\000u\000p\000p\000o\000r\000t\000e\000d\000\040\000v\000e\000r\000s\000i\000o\000n\000s}{section.22.3}% 161
\BOOKMARK [2][-]{subsection.22.3.3}{\376\377\000I\000m\000p\000r\000o\000v\000e\000m\000e\000n\000t\000s}{section.22.3}% 162
\BOOKMARK [1][-]{section.22.4}{\376\377\000P\000e\000r\000c\000o\000n\000a\000\040\000S\000e\000r\000v\000e\000r\000\040\000f\000o\000r\000\040\000M\000o\000n\000g\000o\000D\000B\000\040\0004\000.\0004\000.\0001\0004\000-\0001\0004\000\040\000\050\0002\0000\0002\0002\000-\0000\0005\000-\0002\0005\000\051}{chapter.22}% 163
\BOOKMARK [2][-]{subsection.22.4.1}{\376\377\000R\000e\000l\000e\000a\000s\000e\000\040\000H\000i\000g\000h\000l\000i\000g\000h\000t\000s}{section.22.4}% 164
\BOOKMARK [2][-]{subsection.22.4.2}{\376\377\000I\000m\000p\000r\000o\000v\000e\000m\000e\000n\000t\000s}{section.22.4}% 165
\BOOKMARK [2][-]{subsection.22.4.3}{\376\377\000B\000u\000g\000s\000\040\000F\000i\000x\000e\000d}{section.22.4}% 166
\BOOKMARK [1][-]{section.22.5}{\376\377\000P\000e\000r\000c\000o\000n\000a\000\040\000S\000e\000r\000v\000e\000r\000\040\000f\000o\000r\000\040\000M\000o\000n\000g\000o\000D\000B\000\040\0004\000.\0004\000.\0001\0003\000-\0001\0003}{chapter.22}% 167
\BOOKMARK [2][-]{subsection.22.5.1}{\376\377\000R\000e\000l\000e\000a\000s\000e\000\040\000H\000i\000g\000h\000l\000i\000g\000h\000t\000s}{section.22.5}% 168
\BOOKMARK [2][-]{subsection.22.5.2}{\376\377\000N\000e\000w\000\040\000F\000e\000a\000t\000u\000r\000e\000s}{section.22.5}% 169
\BOOKMARK [2][-]{subsection.22.5.3}{\376\377\000B\000u\000g\000\040\000F\000i\000x\000e\000s}{section.22.5}% 170
\BOOKMARK [1][-]{section.22.6}{\376\377\000P\000e\000r\000c\000o\000n\000a\000\040\000S\000e\000r\000v\000e\000r\000\040\000f\000o\000r\000\040\000M\000o\000n\000g\000o\000D\000B\000\040\0004\000.\0004\000.\0001\0002\000-\0001\0002}{chapter.22}% 171
\BOOKMARK [2][-]{subsection.22.6.1}{\376\377\000R\000e\000l\000e\000a\000s\000e\000\040\000H\000i\000g\000h\000l\000i\000g\000h\000t\000s}{section.22.6}% 172
\BOOKMARK [2][-]{subsection.22.6.2}{\376\377\000B\000u\000g\000s\000\040\000F\000i\000x\000e\000d}{section.22.6}% 173
\BOOKMARK [1][-]{section.22.7}{\376\377\000P\000e\000r\000c\000o\000n\000a\000\040\000S\000e\000r\000v\000e\000r\000\040\000f\000o\000r\000\040\000M\000o\000n\000g\000o\000D\000B\000\040\0004\000.\0004\000.\0001\0000\000-\0001\0001}{chapter.22}% 174
\BOOKMARK [2][-]{subsection.22.7.1}{\376\377\000R\000e\000l\000e\000a\000s\000e\000\040\000H\000i\000g\000h\000l\000i\000g\000h\000t\000s}{section.22.7}% 175
\BOOKMARK [1][-]{section.22.8}{\376\377\000P\000e\000r\000c\000o\000n\000a\000\040\000S\000e\000r\000v\000e\000r\000\040\000f\000o\000r\000\040\000M\000o\000n\000g\000o\000D\000B\000\040\0004\000.\0004\000.\0009\000-\0001\0000}{chapter.22}% 176
\BOOKMARK [2][-]{subsection.22.8.1}{\376\377\000R\000e\000l\000e\000a\000s\000e\000\040\000H\000i\000g\000h\000l\000i\000g\000h\000t\000s}{section.22.8}% 177
\BOOKMARK [2][-]{subsection.22.8.2}{\376\377\000I\000m\000p\000r\000o\000v\000e\000m\000e\000n\000t\000s}{section.22.8}% 178
\BOOKMARK [1][-]{section.22.9}{\376\377\000P\000e\000r\000c\000o\000n\000a\000\040\000S\000e\000r\000v\000e\000r\000\040\000f\000o\000r\000\040\000M\000o\000n\000g\000o\000D\000B\000\040\0004\000.\0004\000.\0008\000-\0009}{chapter.22}% 179
\BOOKMARK [2][-]{subsection.22.9.1}{\376\377\000I\000m\000p\000r\000o\000v\000e\000m\000e\000n\000t\000s}{section.22.9}% 180
\BOOKMARK [2][-]{subsection.22.9.2}{\376\377\000B\000u\000g\000s\000\040\000F\000i\000x\000e\000d}{section.22.9}% 181
\BOOKMARK [1][-]{section.22.10}{\376\377\000P\000e\000r\000c\000o\000n\000a\000\040\000S\000e\000r\000v\000e\000r\000\040\000f\000o\000r\000\040\000M\000o\000n\000g\000o\000D\000B\000\040\0004\000.\0004\000.\0006\000-\0008}{chapter.22}% 182
\BOOKMARK [2][-]{subsection.22.10.1}{\376\377\000N\000e\000w\000\040\000F\000e\000a\000t\000u\000r\000e\000s}{section.22.10}% 183
\BOOKMARK [1][-]{section.22.11}{\376\377\000P\000e\000r\000c\000o\000n\000a\000\040\000S\000e\000r\000v\000e\000r\000\040\000f\000o\000r\000\040\000M\000o\000n\000g\000o\000D\000B\000\040\0004\000.\0004\000.\0005\000-\0007}{chapter.22}% 184
\BOOKMARK [1][-]{section.22.12}{\376\377\000P\000e\000r\000c\000o\000n\000a\000\040\000S\000e\000r\000v\000e\000r\000\040\000f\000o\000r\000\040\000M\000o\000n\000g\000o\000D\000B\000\040\0004\000.\0004\000.\0004\000-\0006}{chapter.22}% 185
\BOOKMARK [2][-]{subsection.22.12.1}{\376\377\000B\000u\000g\000s\000\040\000F\000i\000x\000e\000d}{section.22.12}% 186
\BOOKMARK [1][-]{section.22.13}{\376\377\000P\000e\000r\000c\000o\000n\000a\000\040\000S\000e\000r\000v\000e\000r\000\040\000f\000o\000r\000\040\000M\000o\000n\000g\000o\000D\000B\000\040\0004\000.\0004\000.\0003\000-\0005}{chapter.22}% 187
\BOOKMARK [2][-]{subsection.22.13.1}{\376\377\000I\000m\000p\000r\000o\000v\000e\000m\000e\000n\000t\000s}{section.22.13}% 188
\BOOKMARK [2][-]{subsection.22.13.2}{\376\377\000B\000u\000g\000s\000\040\000F\000i\000x\000e\000d}{section.22.13}% 189
\BOOKMARK [1][-]{section.22.14}{\376\377\000P\000e\000r\000c\000o\000n\000a\000\040\000S\000e\000r\000v\000e\000r\000\040\000f\000o\000r\000\040\000M\000o\000n\000g\000o\000D\000B\000\040\0004\000.\0004\000.\0002\000-\0004}{chapter.22}% 190
\BOOKMARK [2][-]{subsection.22.14.1}{\376\377\000I\000m\000p\000r\000o\000v\000e\000m\000e\000n\000t\000s}{section.22.14}% 191
\BOOKMARK [2][-]{subsection.22.14.2}{\376\377\000B\000u\000g\000s\000\040\000F\000i\000x\000e\000d}{section.22.14}% 192
\BOOKMARK [1][-]{section.22.15}{\376\377\000P\000e\000r\000c\000o\000n\000a\000\040\000S\000e\000r\000v\000e\000r\000\040\000f\000o\000r\000\040\000M\000o\000n\000g\000o\000D\000B\000\040\0004\000.\0004\000.\0001\000-\0003}{chapter.22}% 193
\BOOKMARK [1][-]{section.22.16}{\376\377\000P\000e\000r\000c\000o\000n\000a\000\040\000S\000e\000r\000v\000e\000r\000\040\000f\000o\000r\000\040\000M\000o\000n\000g\000o\000D\000B\000\040\0004\000.\0004\000.\0001\000-\0002}{chapter.22}% 194
\BOOKMARK [2][-]{subsection.22.16.1}{\376\377\000B\000u\000g\000s\000\040\000F\000i\000x\000e\000d}{section.22.16}% 195
\BOOKMARK [1][-]{section.22.17}{\376\377\000P\000e\000r\000c\000o\000n\000a\000\040\000S\000e\000r\000v\000e\000r\000\040\000f\000o\000r\000\040\000M\000o\000n\000g\000o\000D\000B\000\040\0004\000.\0004\000.\0000\000-\0001}{chapter.22}% 196
\BOOKMARK [-1][-]{part.6}{\376\377\000V\000I\000\040\000R\000e\000f\000e\000r\000e\000n\000c\000e}{}% 197
\BOOKMARK [0][-]{chapter.23}{\376\377\000C\000o\000n\000t\000a\000c\000t\000i\000n\000g\000,\000\040\000C\000o\000n\000t\000r\000i\000b\000u\000t\000i\000n\000g\000,\000\040\000R\000e\000p\000o\000r\000t\000i\000n\000g\000\040\000B\000u\000g\000s}{part.6}% 198
\BOOKMARK [0][-]{chapter.24}{\376\377\000G\000l\000o\000s\000s\000a\000r\000y}{part.6}% 199
\BOOKMARK [0][-]{chapter.25}{\376\377\000C\000o\000p\000y\000r\000i\000g\000h\000t\000\040\000a\000n\000d\000\040\000L\000i\000c\000e\000n\000s\000i\000n\000g\000\040\000I\000n\000f\000o\000r\000m\000a\000t\000i\000o\000n}{part.6}% 200
\BOOKMARK [1][-]{section.25.1}{\376\377\000D\000o\000c\000u\000m\000e\000n\000t\000a\000t\000i\000o\000n\000\040\000L\000i\000c\000e\000n\000s\000i\000n\000g}{chapter.25}% 201
\BOOKMARK [1][-]{section.25.2}{\376\377\000S\000o\000f\000t\000w\000a\000r\000e\000\040\000L\000i\000c\000e\000n\000s\000e}{chapter.25}% 202
\BOOKMARK [0][-]{chapter.26}{\376\377\000T\000r\000a\000d\000e\000m\000a\000r\000k\000\040\000P\000o\000l\000i\000c\000y}{part.6}% 203
\BOOKMARK [0][-]{section*.86}{\376\377\000I\000n\000d\000e\000x}{part.6}% 204
